This is pdfTeX, Version 3.141592653-2.6-1.40.25 (MiKTeX 24.1) (preloaded format=pdflatex 2024.10.16)  16 OCT 2024 16:18
entering extended mode
 restricted \write18 enabled.
 %&-line parsing enabled.
**"C:/Users/Francesco/Documents/Git/Construire-un-astrolabe/Presentation Ciel e
t espace/beamer/Genech_presentation.tex"

(C:/Users/Francesco/Documents/Git/Construire-un-astrolabe/Presentation Ciel et 
espace/beamer/Genech_presentation.tex
LaTeX2e <2023-11-01> patch level 1
L3 programming layer <2024-01-04>
(C:\Program Files\MiKTeX\tex/latex/beamer\beamer.cls
Document Class: beamer 2024/01/06 v3.71 A class for typesetting presentations
(C:\Program Files\MiKTeX\tex/latex/beamer\beamerbasemodes.sty
(C:\Users\Francesco\AppData\Local\Programs\MiKTeX\tex/latex/etoolbox\etoolbox.s
ty
Package: etoolbox 2020/10/05 v2.5k e-TeX tools for LaTeX (JAW)
\etb@tempcnta=\count187
)
\beamer@tempbox=\box51
\beamer@tempcount=\count188
\c@beamerpauses=\count189
 (C:\Program Files\MiKTeX\tex/latex/beamer\beamerbasedecode.sty
\beamer@slideinframe=\count190
\beamer@minimum=\count191
\beamer@decode@box=\box52
)
\beamer@commentbox=\box53
\beamer@modecount=\count192
)
(C:\Users\Francesco\AppData\Local\Programs\MiKTeX\tex/generic/iftex\iftex.sty
Package: iftex 2022/02/03 v1.0f TeX engine tests
)
\headdp=\dimen140
\footheight=\dimen141
\sidebarheight=\dimen142
\beamer@tempdim=\dimen143
\beamer@finalheight=\dimen144
\beamer@animht=\dimen145
\beamer@animdp=\dimen146
\beamer@animwd=\dimen147
\beamer@leftmargin=\dimen148
\beamer@rightmargin=\dimen149
\beamer@leftsidebar=\dimen150
\beamer@rightsidebar=\dimen151
\beamer@boxsize=\dimen152
\beamer@vboxoffset=\dimen153
\beamer@descdefault=\dimen154
\beamer@descriptionwidth=\dimen155
\beamer@lastskip=\skip48
\beamer@areabox=\box54
\beamer@animcurrent=\box55
\beamer@animshowbox=\box56
\beamer@sectionbox=\box57
\beamer@logobox=\box58
\beamer@linebox=\box59
\beamer@sectioncount=\count193
\beamer@subsubsectionmax=\count194
\beamer@subsectionmax=\count195
\beamer@sectionmax=\count196
\beamer@totalheads=\count197
\beamer@headcounter=\count198
\beamer@partstartpage=\count199
\beamer@sectionstartpage=\count266
\beamer@subsectionstartpage=\count267
\beamer@animationtempa=\count268
\beamer@animationtempb=\count269
\beamer@xpos=\count270
\beamer@ypos=\count271
\beamer@ypos@offset=\count272
\beamer@showpartnumber=\count273
\beamer@currentsubsection=\count274
\beamer@coveringdepth=\count275
\beamer@sectionadjust=\count276
\beamer@toclastsection=\count277
\beamer@tocsectionnumber=\count278

(C:\Program Files\MiKTeX\tex/latex/beamer\beamerbaseoptions.sty
(C:\Users\Francesco\AppData\Local\Programs\MiKTeX\tex/latex/graphics\keyval.sty
Package: keyval 2022/05/29 v1.15 key=value parser (DPC)
\KV@toks@=\toks17
))
\beamer@paperwidth=\skip49
\beamer@paperheight=\skip50
 (C:\Program Files\MiKTeX\tex/latex/geometry\geometry.sty
Package: geometry 2020/01/02 v5.9 Page Geometry

(C:\Users\Francesco\AppData\Local\Programs\MiKTeX\tex/generic/iftex\ifvtex.sty
Package: ifvtex 2019/10/25 v1.7 ifvtex legacy package. Use iftex instead.
)
\Gm@cnth=\count279
\Gm@cntv=\count280
\c@Gm@tempcnt=\count281
\Gm@bindingoffset=\dimen156
\Gm@wd@mp=\dimen157
\Gm@odd@mp=\dimen158
\Gm@even@mp=\dimen159
\Gm@layoutwidth=\dimen160
\Gm@layoutheight=\dimen161
\Gm@layouthoffset=\dimen162
\Gm@layoutvoffset=\dimen163
\Gm@dimlist=\toks18
(C:\Program Files\MiKTeX\tex/latex/geometry\geometry.cfg))
(C:\Users\Francesco\AppData\Local\Programs\MiKTeX\tex/latex/pgf/math\pgfmath.st
y
(C:\Users\Francesco\AppData\Local\Programs\MiKTeX\tex/latex/pgf/utilities\pgfrc
s.sty
(C:\Users\Francesco\AppData\Local\Programs\MiKTeX\tex/generic/pgf/utilities\pgf
util-common.tex
\pgfutil@everybye=\toks19
\pgfutil@tempdima=\dimen164
\pgfutil@tempdimb=\dimen165
)
(C:\Users\Francesco\AppData\Local\Programs\MiKTeX\tex/generic/pgf/utilities\pgf
util-latex.def
\pgfutil@abb=\box60
)
(C:\Users\Francesco\AppData\Local\Programs\MiKTeX\tex/generic/pgf/utilities\pgf
rcs.code.tex
(C:\Users\Francesco\AppData\Local\Programs\MiKTeX\tex/generic/pgf\pgf.revision.
tex)
Package: pgfrcs 2023-01-15 v3.1.10 (3.1.10)
))
(C:\Users\Francesco\AppData\Local\Programs\MiKTeX\tex/latex/pgf/utilities\pgfke
ys.sty
(C:\Users\Francesco\AppData\Local\Programs\MiKTeX\tex/generic/pgf/utilities\pgf
keys.code.tex
\pgfkeys@pathtoks=\toks20
\pgfkeys@temptoks=\toks21

(C:\Users\Francesco\AppData\Local\Programs\MiKTeX\tex/generic/pgf/utilities\pgf
keyslibraryfiltered.code.tex
\pgfkeys@tmptoks=\toks22
)))
(C:\Users\Francesco\AppData\Local\Programs\MiKTeX\tex/generic/pgf/math\pgfmath.
code.tex
(C:\Users\Francesco\AppData\Local\Programs\MiKTeX\tex/generic/pgf/math\pgfmathu
til.code.tex
\pgf@x=\dimen166
\pgf@xa=\dimen167
\pgf@xb=\dimen168
\pgf@xc=\dimen169
\pgf@y=\dimen170
\pgf@ya=\dimen171
\pgf@yb=\dimen172
\pgf@yc=\dimen173
\c@pgf@counta=\count282
\c@pgf@countb=\count283
\c@pgf@countc=\count284
\c@pgf@countd=\count285
)
(C:\Users\Francesco\AppData\Local\Programs\MiKTeX\tex/generic/pgf/math\pgfmathp
arser.code.tex
\pgfmath@dimen=\dimen174
\pgfmath@count=\count286
\pgfmath@box=\box61
\pgfmath@toks=\toks23
\pgfmath@stack@operand=\toks24
\pgfmath@stack@operation=\toks25
)
(C:\Users\Francesco\AppData\Local\Programs\MiKTeX\tex/generic/pgf/math\pgfmathf
unctions.code.tex)
(C:\Users\Francesco\AppData\Local\Programs\MiKTeX\tex/generic/pgf/math\pgfmathf
unctions.basic.code.tex)
(C:\Users\Francesco\AppData\Local\Programs\MiKTeX\tex/generic/pgf/math\pgfmathf
unctions.trigonometric.code.tex)
(C:\Users\Francesco\AppData\Local\Programs\MiKTeX\tex/generic/pgf/math\pgfmathf
unctions.random.code.tex)
(C:\Users\Francesco\AppData\Local\Programs\MiKTeX\tex/generic/pgf/math\pgfmathf
unctions.comparison.code.tex)
(C:\Users\Francesco\AppData\Local\Programs\MiKTeX\tex/generic/pgf/math\pgfmathf
unctions.base.code.tex)
(C:\Users\Francesco\AppData\Local\Programs\MiKTeX\tex/generic/pgf/math\pgfmathf
unctions.round.code.tex)
(C:\Users\Francesco\AppData\Local\Programs\MiKTeX\tex/generic/pgf/math\pgfmathf
unctions.misc.code.tex)
(C:\Users\Francesco\AppData\Local\Programs\MiKTeX\tex/generic/pgf/math\pgfmathf
unctions.integerarithmetics.code.tex)
(C:\Users\Francesco\AppData\Local\Programs\MiKTeX\tex/generic/pgf/math\pgfmathc
alc.code.tex)
(C:\Users\Francesco\AppData\Local\Programs\MiKTeX\tex/generic/pgf/math\pgfmathf
loat.code.tex
\c@pgfmathroundto@lastzeros=\count287
)))
(C:\Users\Francesco\AppData\Local\Programs\MiKTeX\tex/latex/base\size11.clo
File: size11.clo 2023/05/17 v1.4n Standard LaTeX file (size option)
)
(C:\Users\Francesco\AppData\Local\Programs\MiKTeX\tex/latex/pgf/basiclayer\pgfc
ore.sty
(C:\Users\Francesco\AppData\Local\Programs\MiKTeX\tex/latex/graphics\graphicx.s
ty
Package: graphicx 2021/09/16 v1.2d Enhanced LaTeX Graphics (DPC,SPQR)

(C:\Users\Francesco\AppData\Local\Programs\MiKTeX\tex/latex/graphics\graphics.s
ty
Package: graphics 2022/03/10 v1.4e Standard LaTeX Graphics (DPC,SPQR)

(C:\Users\Francesco\AppData\Local\Programs\MiKTeX\tex/latex/graphics\trig.sty
Package: trig 2021/08/11 v1.11 sin cos tan (DPC)
)
(C:\Users\Francesco\AppData\Local\Programs\MiKTeX\tex/latex/graphics-cfg\graphi
cs.cfg
File: graphics.cfg 2016/06/04 v1.11 sample graphics configuration
)
Package graphics Info: Driver file: pdftex.def on input line 107.

(C:\Users\Francesco\AppData\Local\Programs\MiKTeX\tex/latex/graphics-def\pdftex
.def
File: pdftex.def 2022/09/22 v1.2b Graphics/color driver for pdftex
))
\Gin@req@height=\dimen175
\Gin@req@width=\dimen176
)
(C:\Users\Francesco\AppData\Local\Programs\MiKTeX\tex/latex/pgf/systemlayer\pgf
sys.sty
(C:\Users\Francesco\AppData\Local\Programs\MiKTeX\tex/generic/pgf/systemlayer\p
gfsys.code.tex
Package: pgfsys 2023-01-15 v3.1.10 (3.1.10)
\pgf@x=\dimen177
\pgf@y=\dimen178
\pgf@xa=\dimen179
\pgf@ya=\dimen180
\pgf@xb=\dimen181
\pgf@yb=\dimen182
\pgf@xc=\dimen183
\pgf@yc=\dimen184
\pgf@xd=\dimen185
\pgf@yd=\dimen186
\w@pgf@writea=\write3
\r@pgf@reada=\read2
\c@pgf@counta=\count288
\c@pgf@countb=\count289
\c@pgf@countc=\count290
\c@pgf@countd=\count291
\t@pgf@toka=\toks26
\t@pgf@tokb=\toks27
\t@pgf@tokc=\toks28
\pgf@sys@id@count=\count292

(C:\Users\Francesco\AppData\Local\Programs\MiKTeX\tex/generic/pgf/systemlayer\p
gf.cfg
File: pgf.cfg 2023-01-15 v3.1.10 (3.1.10)
)
Driver file for pgf: pgfsys-pdftex.def

(C:\Users\Francesco\AppData\Local\Programs\MiKTeX\tex/generic/pgf/systemlayer\p
gfsys-pdftex.def
File: pgfsys-pdftex.def 2023-01-15 v3.1.10 (3.1.10)

(C:\Users\Francesco\AppData\Local\Programs\MiKTeX\tex/generic/pgf/systemlayer\p
gfsys-common-pdf.def
File: pgfsys-common-pdf.def 2023-01-15 v3.1.10 (3.1.10)
)))
(C:\Users\Francesco\AppData\Local\Programs\MiKTeX\tex/generic/pgf/systemlayer\p
gfsyssoftpath.code.tex
File: pgfsyssoftpath.code.tex 2023-01-15 v3.1.10 (3.1.10)
\pgfsyssoftpath@smallbuffer@items=\count293
\pgfsyssoftpath@bigbuffer@items=\count294
)
(C:\Users\Francesco\AppData\Local\Programs\MiKTeX\tex/generic/pgf/systemlayer\p
gfsysprotocol.code.tex
File: pgfsysprotocol.code.tex 2023-01-15 v3.1.10 (3.1.10)
))
(C:\Users\Francesco\AppData\Local\Programs\MiKTeX\tex/latex/xcolor\xcolor.sty
Package: xcolor 2023/11/15 v3.01 LaTeX color extensions (UK)

(C:\Users\Francesco\AppData\Local\Programs\MiKTeX\tex/latex/graphics-cfg\color.
cfg
File: color.cfg 2016/01/02 v1.6 sample color configuration
)
Package xcolor Info: Driver file: pdftex.def on input line 274.

(C:\Users\Francesco\AppData\Local\Programs\MiKTeX\tex/latex/graphics\mathcolor.
ltx)
Package xcolor Info: Model `cmy' substituted by `cmy0' on input line 1350.
Package xcolor Info: Model `hsb' substituted by `rgb' on input line 1354.
Package xcolor Info: Model `RGB' extended on input line 1366.
Package xcolor Info: Model `HTML' substituted by `rgb' on input line 1368.
Package xcolor Info: Model `Hsb' substituted by `hsb' on input line 1369.
Package xcolor Info: Model `tHsb' substituted by `hsb' on input line 1370.
Package xcolor Info: Model `HSB' substituted by `hsb' on input line 1371.
Package xcolor Info: Model `Gray' substituted by `gray' on input line 1372.
Package xcolor Info: Model `wave' substituted by `hsb' on input line 1373.
)
(C:\Users\Francesco\AppData\Local\Programs\MiKTeX\tex/generic/pgf/basiclayer\pg
fcore.code.tex
Package: pgfcore 2023-01-15 v3.1.10 (3.1.10)

(C:\Users\Francesco\AppData\Local\Programs\MiKTeX\tex/generic/pgf/math\pgfint.c
ode.tex)
(C:\Users\Francesco\AppData\Local\Programs\MiKTeX\tex/generic/pgf/basiclayer\pg
fcorepoints.code.tex
File: pgfcorepoints.code.tex 2023-01-15 v3.1.10 (3.1.10)
\pgf@picminx=\dimen187
\pgf@picmaxx=\dimen188
\pgf@picminy=\dimen189
\pgf@picmaxy=\dimen190
\pgf@pathminx=\dimen191
\pgf@pathmaxx=\dimen192
\pgf@pathminy=\dimen193
\pgf@pathmaxy=\dimen194
\pgf@xx=\dimen195
\pgf@xy=\dimen196
\pgf@yx=\dimen197
\pgf@yy=\dimen198
\pgf@zx=\dimen199
\pgf@zy=\dimen256
)
(C:\Users\Francesco\AppData\Local\Programs\MiKTeX\tex/generic/pgf/basiclayer\pg
fcorepathconstruct.code.tex
File: pgfcorepathconstruct.code.tex 2023-01-15 v3.1.10 (3.1.10)
\pgf@path@lastx=\dimen257
\pgf@path@lasty=\dimen258
)
(C:\Users\Francesco\AppData\Local\Programs\MiKTeX\tex/generic/pgf/basiclayer\pg
fcorepathusage.code.tex
File: pgfcorepathusage.code.tex 2023-01-15 v3.1.10 (3.1.10)
\pgf@shorten@end@additional=\dimen259
\pgf@shorten@start@additional=\dimen260
)
(C:\Users\Francesco\AppData\Local\Programs\MiKTeX\tex/generic/pgf/basiclayer\pg
fcorescopes.code.tex
File: pgfcorescopes.code.tex 2023-01-15 v3.1.10 (3.1.10)
\pgfpic=\box62
\pgf@hbox=\box63
\pgf@layerbox@main=\box64
\pgf@picture@serial@count=\count295
)
(C:\Users\Francesco\AppData\Local\Programs\MiKTeX\tex/generic/pgf/basiclayer\pg
fcoregraphicstate.code.tex
File: pgfcoregraphicstate.code.tex 2023-01-15 v3.1.10 (3.1.10)
\pgflinewidth=\dimen261
)
(C:\Users\Francesco\AppData\Local\Programs\MiKTeX\tex/generic/pgf/basiclayer\pg
fcoretransformations.code.tex
File: pgfcoretransformations.code.tex 2023-01-15 v3.1.10 (3.1.10)
\pgf@pt@x=\dimen262
\pgf@pt@y=\dimen263
\pgf@pt@temp=\dimen264
)
(C:\Users\Francesco\AppData\Local\Programs\MiKTeX\tex/generic/pgf/basiclayer\pg
fcorequick.code.tex
File: pgfcorequick.code.tex 2023-01-15 v3.1.10 (3.1.10)
)
(C:\Users\Francesco\AppData\Local\Programs\MiKTeX\tex/generic/pgf/basiclayer\pg
fcoreobjects.code.tex
File: pgfcoreobjects.code.tex 2023-01-15 v3.1.10 (3.1.10)
)
(C:\Users\Francesco\AppData\Local\Programs\MiKTeX\tex/generic/pgf/basiclayer\pg
fcorepathprocessing.code.tex
File: pgfcorepathprocessing.code.tex 2023-01-15 v3.1.10 (3.1.10)
)
(C:\Users\Francesco\AppData\Local\Programs\MiKTeX\tex/generic/pgf/basiclayer\pg
fcorearrows.code.tex
File: pgfcorearrows.code.tex 2023-01-15 v3.1.10 (3.1.10)
\pgfarrowsep=\dimen265
)
(C:\Users\Francesco\AppData\Local\Programs\MiKTeX\tex/generic/pgf/basiclayer\pg
fcoreshade.code.tex
File: pgfcoreshade.code.tex 2023-01-15 v3.1.10 (3.1.10)
\pgf@max=\dimen266
\pgf@sys@shading@range@num=\count296
\pgf@shadingcount=\count297
)
(C:\Users\Francesco\AppData\Local\Programs\MiKTeX\tex/generic/pgf/basiclayer\pg
fcoreimage.code.tex
File: pgfcoreimage.code.tex 2023-01-15 v3.1.10 (3.1.10)
)
(C:\Users\Francesco\AppData\Local\Programs\MiKTeX\tex/generic/pgf/basiclayer\pg
fcoreexternal.code.tex
File: pgfcoreexternal.code.tex 2023-01-15 v3.1.10 (3.1.10)
\pgfexternal@startupbox=\box65
)
(C:\Users\Francesco\AppData\Local\Programs\MiKTeX\tex/generic/pgf/basiclayer\pg
fcorelayers.code.tex
File: pgfcorelayers.code.tex 2023-01-15 v3.1.10 (3.1.10)
)
(C:\Users\Francesco\AppData\Local\Programs\MiKTeX\tex/generic/pgf/basiclayer\pg
fcoretransparency.code.tex
File: pgfcoretransparency.code.tex 2023-01-15 v3.1.10 (3.1.10)
)
(C:\Users\Francesco\AppData\Local\Programs\MiKTeX\tex/generic/pgf/basiclayer\pg
fcorepatterns.code.tex
File: pgfcorepatterns.code.tex 2023-01-15 v3.1.10 (3.1.10)
)
(C:\Users\Francesco\AppData\Local\Programs\MiKTeX\tex/generic/pgf/basiclayer\pg
fcorerdf.code.tex
File: pgfcorerdf.code.tex 2023-01-15 v3.1.10 (3.1.10)
)))
(C:\Users\Francesco\AppData\Local\Programs\MiKTeX\tex/latex/pgf/utilities\xxcol
or.sty
Package: xxcolor 2003/10/24 ver 0.1
\XC@nummixins=\count298
\XC@countmixins=\count299
)
(C:\Users\Francesco\AppData\Local\Programs\MiKTeX\tex/latex/base\atbegshi-ltx.s
ty
Package: atbegshi-ltx 2021/01/10 v1.0c Emulation of the original atbegshi
package with kernel methods
)
(C:\Users\Francesco\AppData\Local\Programs\MiKTeX\tex/latex/hyperref\hyperref.s
ty
Package: hyperref 2023-11-26 v7.01g Hypertext links for LaTeX
 (C:\Program Files\MiKTeX\tex/generic/infwarerr\infwarerr.sty
Package: infwarerr 2019/12/03 v1.5 Providing info/warning/error messages (HO)
)
(C:\Program Files\MiKTeX\tex/latex/kvsetkeys\kvsetkeys.sty
Package: kvsetkeys 2022-10-05 v1.19 Key value parser (HO)
)
(C:\Program Files\MiKTeX\tex/generic/kvdefinekeys\kvdefinekeys.sty
Package: kvdefinekeys 2019-12-19 v1.6 Define keys (HO)
)
(C:\Program Files\MiKTeX\tex/generic/pdfescape\pdfescape.sty
Package: pdfescape 2019/12/09 v1.15 Implements pdfTeX's escape features (HO)

(C:\Program Files\MiKTeX\tex/generic/ltxcmds\ltxcmds.sty
Package: ltxcmds 2023-12-04 v1.26 LaTeX kernel commands for general use (HO)
)
(C:\Users\Francesco\AppData\Local\Programs\MiKTeX\tex/generic/pdftexcmds\pdftex
cmds.sty
Package: pdftexcmds 2020-06-27 v0.33 Utility functions of pdfTeX for LuaTeX (HO
)
Package pdftexcmds Info: \pdf@primitive is available.
Package pdftexcmds Info: \pdf@ifprimitive is available.
Package pdftexcmds Info: \pdfdraftmode found.
)) (C:\Program Files\MiKTeX\tex/latex/hycolor\hycolor.sty
Package: hycolor 2020-01-27 v1.10 Color options for hyperref/bookmark (HO)
)
(C:\Program Files\MiKTeX\tex/latex/letltxmacro\letltxmacro.sty
Package: letltxmacro 2019/12/03 v1.6 Let assignment for LaTeX macros (HO)
)
(C:\Program Files\MiKTeX\tex/latex/auxhook\auxhook.sty
Package: auxhook 2019-12-17 v1.6 Hooks for auxiliary files (HO)
)
(C:\Users\Francesco\AppData\Local\Programs\MiKTeX\tex/latex/hyperref\nameref.st
y
Package: nameref 2023-11-26 v2.56 Cross-referencing by name of section
 (C:\Program Files\MiKTeX\tex/latex/refcount\refcount.sty
Package: refcount 2019/12/15 v3.6 Data extraction from label references (HO)
)
(C:\Program Files\MiKTeX\tex/generic/gettitlestring\gettitlestring.sty
Package: gettitlestring 2019/12/15 v1.6 Cleanup title references (HO)

(C:\Program Files\MiKTeX\tex/latex/kvoptions\kvoptions.sty
Package: kvoptions 2022-06-15 v3.15 Key value format for package options (HO)
))
\c@section@level=\count300
)
\@linkdim=\dimen267
\Hy@linkcounter=\count301
\Hy@pagecounter=\count302

(C:\Users\Francesco\AppData\Local\Programs\MiKTeX\tex/latex/hyperref\pd1enc.def
File: pd1enc.def 2023-11-26 v7.01g Hyperref: PDFDocEncoding definition (HO)
Now handling font encoding PD1 ...
... no UTF-8 mapping file for font encoding PD1
) (C:\Program Files\MiKTeX\tex/generic/intcalc\intcalc.sty
Package: intcalc 2019/12/15 v1.3 Expandable calculations with integers (HO)
)
\Hy@SavedSpaceFactor=\count303

(C:\Users\Francesco\AppData\Local\Programs\MiKTeX\tex/latex/hyperref\puenc.def
File: puenc.def 2023-11-26 v7.01g Hyperref: PDF Unicode definition (HO)
Now handling font encoding PU ...
... no UTF-8 mapping file for font encoding PU
)
Package hyperref Info: Option `bookmarks' set `true' on input line 4064.
Package hyperref Info: Option `bookmarksopen' set `true' on input line 4064.
Package hyperref Info: Option `implicit' set `false' on input line 4064.
Package hyperref Info: Hyper figures OFF on input line 4181.
Package hyperref Info: Link nesting OFF on input line 4186.
Package hyperref Info: Hyper index ON on input line 4189.
Package hyperref Info: Plain pages OFF on input line 4196.
Package hyperref Info: Backreferencing OFF on input line 4201.
Package hyperref Info: Implicit mode OFF; no redefinition of LaTeX internals.
Package hyperref Info: Bookmarks ON on input line 4448.
\c@Hy@tempcnt=\count304
(C:\Users\Francesco\AppData\Local\Programs\MiKTeX\tex/latex/url\url.sty
\Urlmuskip=\muskip16
Package: url 2013/09/16  ver 3.4  Verb mode for urls, etc.
)
LaTeX Info: Redefining \url on input line 4786.
\XeTeXLinkMargin=\dimen268

(C:\Program Files\MiKTeX\tex/generic/bitset\bitset.sty
Package: bitset 2019/12/09 v1.3 Handle bit-vector datatype (HO)

(C:\Program Files\MiKTeX\tex/generic/bigintcalc\bigintcalc.sty
Package: bigintcalc 2019/12/15 v1.5 Expandable calculations on big integers (HO
)
))
\Fld@menulength=\count305
\Field@Width=\dimen269
\Fld@charsize=\dimen270
Package hyperref Info: Hyper figures OFF on input line 6065.
Package hyperref Info: Link nesting OFF on input line 6070.
Package hyperref Info: Hyper index ON on input line 6073.
Package hyperref Info: backreferencing OFF on input line 6080.
Package hyperref Info: Link coloring OFF on input line 6085.
Package hyperref Info: Link coloring with OCG OFF on input line 6090.
Package hyperref Info: PDF/A mode OFF on input line 6095.
\Hy@abspage=\count306


Package hyperref Message: Stopped early.

)
Package hyperref Info: Driver (autodetected): hpdftex.

(C:\Users\Francesco\AppData\Local\Programs\MiKTeX\tex/latex/hyperref\hpdftex.de
f
File: hpdftex.def 2023-11-26 v7.01g Hyperref driver for pdfTeX

(C:\Users\Francesco\AppData\Local\Programs\MiKTeX\tex/latex/base\atveryend-ltx.
sty
Package: atveryend-ltx 2020/08/19 v1.0a Emulation of the original atveryend pac
kage
with kernel methods
)
\Fld@listcount=\count307
\c@bookmark@seq@number=\count308
 (C:\Program Files\MiKTeX\tex/latex/rerunfilecheck\rerunfilecheck.sty
Package: rerunfilecheck 2022-07-10 v1.10 Rerun checks for auxiliary files (HO)

(C:\Program Files\MiKTeX\tex/generic/uniquecounter\uniquecounter.sty
Package: uniquecounter 2019/12/15 v1.4 Provide unlimited unique counter (HO)
)
Package uniquecounter Info: New unique counter `rerunfilecheck' on input line 2
85.
))
(C:\Program Files\MiKTeX\tex/latex/beamer\beamerbaserequires.sty
(C:\Program Files\MiKTeX\tex/latex/beamer\beamerbasecompatibility.sty)
(C:\Program Files\MiKTeX\tex/latex/beamer\beamerbasefont.sty
(C:\Users\Francesco\AppData\Local\Programs\MiKTeX\tex/latex/amsfonts\amssymb.st
y
Package: amssymb 2013/01/14 v3.01 AMS font symbols

(C:\Users\Francesco\AppData\Local\Programs\MiKTeX\tex/latex/amsfonts\amsfonts.s
ty
Package: amsfonts 2013/01/14 v3.01 Basic AMSFonts support
\@emptytoks=\toks29
\symAMSa=\mathgroup4
\symAMSb=\mathgroup5
LaTeX Font Info:    Redeclaring math symbol \hbar on input line 98.
LaTeX Font Info:    Overwriting math alphabet `\mathfrak' in version `bold'
(Font)                  U/euf/m/n --> U/euf/b/n on input line 106.
)) (C:\Program Files\MiKTeX\tex/latex/sansmathaccent\sansmathaccent.sty
Package: sansmathaccent 2020/01/31

(C:\Program Files\MiKTeX\tex/latex/koma-script\scrlfile.sty
Package: scrlfile 2023/07/07 v3.41 KOMA-Script package (file load hooks)

(C:\Program Files\MiKTeX\tex/latex/koma-script\scrlfile-hook.sty
Package: scrlfile-hook 2023/07/07 v3.41 KOMA-Script package (using LaTeX hooks)


(C:\Program Files\MiKTeX\tex/latex/koma-script\scrlogo.sty
Package: scrlogo 2023/07/07 v3.41 KOMA-Script package (logo)
)))))
(C:\Program Files\MiKTeX\tex/latex/beamer\beamerbasetranslator.sty
(C:\Program Files\MiKTeX\tex/latex/translator\translator.sty
Package: translator 2021-05-31 v1.12d Easy translation of strings in LaTeX
))
(C:\Program Files\MiKTeX\tex/latex/beamer\beamerbasemisc.sty)
(C:\Program Files\MiKTeX\tex/latex/beamer\beamerbasetwoscreens.sty)
(C:\Program Files\MiKTeX\tex/latex/beamer\beamerbaseoverlay.sty
\beamer@argscount=\count309
\beamer@lastskipcover=\skip51
\beamer@trivlistdepth=\count310
)
(C:\Program Files\MiKTeX\tex/latex/beamer\beamerbasetitle.sty)
(C:\Program Files\MiKTeX\tex/latex/beamer\beamerbasesection.sty
\c@lecture=\count311
\c@part=\count312
\c@section=\count313
\c@subsection=\count314
\c@subsubsection=\count315
)
(C:\Program Files\MiKTeX\tex/latex/beamer\beamerbaseframe.sty
\beamer@framebox=\box66
\beamer@frametitlebox=\box67
\beamer@zoombox=\box68
\beamer@zoomcount=\count316
\beamer@zoomframecount=\count317
\beamer@frametextheight=\dimen271
\c@subsectionslide=\count318
\beamer@frametopskip=\skip52
\beamer@framebottomskip=\skip53
\beamer@frametopskipautobreak=\skip54
\beamer@framebottomskipautobreak=\skip55
\beamer@envbody=\toks30
\framewidth=\dimen272
\c@framenumber=\count319
)
(C:\Program Files\MiKTeX\tex/latex/beamer\beamerbaseverbatim.sty
\beamer@verbatimfileout=\write4
)
(C:\Program Files\MiKTeX\tex/latex/beamer\beamerbaseframesize.sty
\beamer@splitbox=\box69
\beamer@autobreakcount=\count320
\beamer@autobreaklastheight=\dimen273
\beamer@frametitletoks=\toks31
\beamer@framesubtitletoks=\toks32
)
(C:\Program Files\MiKTeX\tex/latex/beamer\beamerbaseframecomponents.sty
\beamer@footins=\box70
)
(C:\Program Files\MiKTeX\tex/latex/beamer\beamerbasecolor.sty)
(C:\Program Files\MiKTeX\tex/latex/beamer\beamerbasenotes.sty
\beamer@frameboxcopy=\box71
)
(C:\Program Files\MiKTeX\tex/latex/beamer\beamerbasetoc.sty)
(C:\Program Files\MiKTeX\tex/latex/beamer\beamerbasetemplates.sty
\beamer@sbttoks=\toks33

(C:\Program Files\MiKTeX\tex/latex/beamer\beamerbaseauxtemplates.sty
(C:\Program Files\MiKTeX\tex/latex/beamer\beamerbaseboxes.sty
\bmb@box=\box72
\bmb@colorbox=\box73
\bmb@boxwidth=\dimen274
\bmb@boxheight=\dimen275
\bmb@prevheight=\dimen276
\bmb@temp=\dimen277
\bmb@dima=\dimen278
\bmb@dimb=\dimen279
\bmb@prevheight=\dimen280
)
\beamer@blockheadheight=\dimen281
))
(C:\Program Files\MiKTeX\tex/latex/beamer\beamerbaselocalstructure.sty
(C:\Users\Francesco\AppData\Local\Programs\MiKTeX\tex/latex/tools\enumerate.sty
Package: enumerate 2023/07/04 v3.00 enumerate extensions (DPC)
\@enLab=\toks34
)
\beamer@bibiconwidth=\skip56
\c@figure=\count321
\c@table=\count322
\abovecaptionskip=\skip57
\belowcaptionskip=\skip58
) (C:\Program Files\MiKTeX\tex/latex/beamer\beamerbasenavigation.sty
(C:\Program Files\MiKTeX\tex/latex/beamer\beamerbasenavigationsymbols.tex)
\beamer@section@min@dim=\dimen282
)
(C:\Program Files\MiKTeX\tex/latex/beamer\beamerbasetheorems.sty
(C:\Users\Francesco\AppData\Local\Programs\MiKTeX\tex/latex/amsmath\amsmath.sty
Package: amsmath 2023/05/13 v2.17o AMS math features
\@mathmargin=\skip59
For additional information on amsmath, use the `?' option.

(C:\Users\Francesco\AppData\Local\Programs\MiKTeX\tex/latex/amsmath\amstext.sty
Package: amstext 2021/08/26 v2.01 AMS text
(C:\Users\Francesco\AppData\Local\Programs\MiKTeX\tex/latex/amsmath\amsgen.sty
File: amsgen.sty 1999/11/30 v2.0 generic functions
\@emptytoks=\toks35
\ex@=\dimen283
))
(C:\Users\Francesco\AppData\Local\Programs\MiKTeX\tex/latex/amsmath\amsbsy.sty
Package: amsbsy 1999/11/29 v1.2d Bold Symbols
\pmbraise@=\dimen284
) (C:\Users\Francesco\AppData\Local\Programs\MiKTeX\tex/latex/amsmath\amsopn.st
y
Package: amsopn 2022/04/08 v2.04 operator names
)
\inf@bad=\count323
LaTeX Info: Redefining \frac on input line 234.
\uproot@=\count324
\leftroot@=\count325
LaTeX Info: Redefining \overline on input line 399.
LaTeX Info: Redefining \colon on input line 410.
\classnum@=\count326
\DOTSCASE@=\count327
LaTeX Info: Redefining \ldots on input line 496.
LaTeX Info: Redefining \dots on input line 499.
LaTeX Info: Redefining \cdots on input line 620.
\Mathstrutbox@=\box74
\strutbox@=\box75
LaTeX Info: Redefining \big on input line 722.
LaTeX Info: Redefining \Big on input line 723.
LaTeX Info: Redefining \bigg on input line 724.
LaTeX Info: Redefining \Bigg on input line 725.
\big@size=\dimen285
LaTeX Font Info:    Redeclaring font encoding OML on input line 743.
LaTeX Font Info:    Redeclaring font encoding OMS on input line 744.
\macc@depth=\count328
LaTeX Info: Redefining \bmod on input line 905.
LaTeX Info: Redefining \pmod on input line 910.
LaTeX Info: Redefining \smash on input line 940.
LaTeX Info: Redefining \relbar on input line 970.
LaTeX Info: Redefining \Relbar on input line 971.
\c@MaxMatrixCols=\count329
\dotsspace@=\muskip17
\c@parentequation=\count330
\dspbrk@lvl=\count331
\tag@help=\toks36
\row@=\count332
\column@=\count333
\maxfields@=\count334
\andhelp@=\toks37
\eqnshift@=\dimen286
\alignsep@=\dimen287
\tagshift@=\dimen288
\tagwidth@=\dimen289
\totwidth@=\dimen290
\lineht@=\dimen291
\@envbody=\toks38
\multlinegap=\skip60
\multlinetaggap=\skip61
\mathdisplay@stack=\toks39
LaTeX Info: Redefining \[ on input line 2953.
LaTeX Info: Redefining \] on input line 2954.
) (C:\Program Files\MiKTeX\tex/latex/amscls\amsthm.sty
Package: amsthm 2020/05/29 v2.20.6
\thm@style=\toks40
\thm@bodyfont=\toks41
\thm@headfont=\toks42
\thm@notefont=\toks43
\thm@headpunct=\toks44
\thm@preskip=\skip62
\thm@postskip=\skip63
\thm@headsep=\skip64
\dth@everypar=\toks45
)
\c@theorem=\count335
)
(C:\Program Files\MiKTeX\tex/latex/beamer\beamerbasethemes.sty))
(C:\Program Files\MiKTeX\tex/latex/beamer\beamerthemedefault.sty
(C:\Program Files\MiKTeX\tex/latex/beamer\beamerfontthemedefault.sty)
(C:\Program Files\MiKTeX\tex/latex/beamer\beamercolorthemedefault.sty)
(C:\Program Files\MiKTeX\tex/latex/beamer\beamerinnerthemedefault.sty
\beamer@dima=\dimen292
\beamer@dimb=\dimen293
)
(C:\Program Files\MiKTeX\tex/latex/beamer\beamerouterthemedefault.sty)))
(C:\Users\Francesco\AppData\Local\Programs\MiKTeX\tex/latex/pgf/utilities\pgfpa
ges.sty
Package: pgfpages 2011/01/05 ver 0.02

(C:\Users\Francesco\AppData\Local\Programs\MiKTeX\tex/latex/tools\calc.sty
Package: calc 2023/07/08 v4.3 Infix arithmetic (KKT,FJ)
\calc@Acount=\count336
\calc@Bcount=\count337
\calc@Adimen=\dimen294
\calc@Bdimen=\dimen295
\calc@Askip=\skip65
\calc@Bskip=\skip66
LaTeX Info: Redefining \setlength on input line 80.
LaTeX Info: Redefining \addtolength on input line 81.
\calc@Ccount=\count338
\calc@Cskip=\skip67
)
\pgf@logicalpages=\count339
\pgf@firstshipout=\count340
\pgf@lastshipout=\count341
\pgf@currentshipout=\count342
\pgf@cpn=\count343
\pgf@shipoutnextto=\count344
\pgfphysicalheight=\dimen296
\pgfphysicalwidth=\dimen297
\pgfpages@shipoutbox=\box76
)
(C:\Users\Francesco\AppData\Local\Programs\MiKTeX\tex/latex/base\inputenc.sty
Package: inputenc 2021/02/14 v1.3d Input encoding file
\inpenc@prehook=\toks46
\inpenc@posthook=\toks47
)
(C:\Users\Francesco\AppData\Local\Programs\MiKTeX\tex/generic/babel\babel.sty
Package: babel 2024/01/07 v24.1 The Babel package
\babel@savecnt=\count345
\U@D=\dimen298
\l@unhyphenated=\language79

(C:\Users\Francesco\AppData\Local\Programs\MiKTeX\tex/generic/babel\txtbabel.de
f)
\bbl@readstream=\read3
LaTeX Info: Redefining \textlatin on input line 3986.
\bbl@dirlevel=\count346

*************************************
* Local config file bblopts.cfg used
*
(C:\Users\Francesco\AppData\Local\Programs\MiKTeX\tex/latex/arabi\bblopts.cfg
File: bblopts.cfg 2005/09/08 v0.1 add Arabic and Farsi to "declared" options of
 babel
)
(C:\Program Files\MiKTeX\tex/generic/babel-french\francais.ldf
Language: francais 2024-07-25 v3.6c French support from the babel system


Package francais.ldf Warning: Option `francais' for Babel is *deprecated*,
(francais.ldf)                it might be removed sooner or later. Please
(francais.ldf)                use `french' instead; reported on input line 31.

(C:\Program Files\MiKTeX\tex/generic/babel-french\french.ldf
Language: french 2024-07-25 v3.6c French support from the babel system
Package babel Info: Hyphen rules for 'acadian' set to \l@french
(babel)             (\language22). Reported on input line 91.
Package babel Info: Hyphen rules for 'canadien' set to \l@french
(babel)             (\language22). Reported on input line 92.
\FB@stdchar=\count347
Package babel Info: Making : an active character on input line 421.
Package babel Info: Making ; an active character on input line 422.
Package babel Info: Making ! an active character on input line 423.
Package babel Info: Making ? an active character on input line 424.
\FBguill@level=\count348
\FBold@everypar=\toks48
\FB@Mht=\dimen299
\mc@charclass=\count349
\mc@charfam=\count350
\mc@charslot=\count351
\std@mcc=\count352
\dec@mcc=\count353
\FB@parskip=\dimen300
\listindentFB=\dimen301
\descindentFB=\dimen302
\labelindentFB=\dimen303
\labelwidthFB=\dimen304
\leftmarginFB=\dimen305
\parindentFFN=\dimen306
\FBfnindent=\dimen307
)))
(C:\Program Files\MiKTeX\tex/latex/carlisle\scalefnt.sty)
Package french.ldf Info: No list customisation for the beamer class,
(french.ldf)             reported on input line 12.

(C:\Program Files\MiKTeX\tex/latex/beamer\multimedia.sty
Package: multimedia 2012/05/02 ver 0.02

(C:\Users\Francesco\AppData\Local\Programs\MiKTeX\tex/generic/iftex\ifpdf.sty
Package: ifpdf 2019/10/25 v3.4 ifpdf legacy package. Use iftex instead.
)
\mm@movie=\count354
) (C:\Program Files\MiKTeX\tex/latex/beamer\beamerthemeWarsaw.sty
(C:\Program Files\MiKTeX\tex/latex/beamer\beamerinnerthemerounded.sty)
(C:\Program Files\MiKTeX\tex/latex/beamer\beamerouterthemeshadow.sty
(C:\Program Files\MiKTeX\tex/latex/beamer\beamerouterthemesplit.sty))
(C:\Program Files\MiKTeX\tex/latex/beamer\beamercolorthemeorchid.sty)
(C:\Program Files\MiKTeX\tex/latex/beamer\beamercolorthemewhale.sty))

Package pgf Warning: File "images/lautrec" not found when defining image "lautr
ec". Tried all extensions in ".pdf:.jpg:.jpeg:.png:" on input line 26.


Package pgf Warning: Missing width for image "lautrec" ("images/lautrec") in dr
aft mode. Using 1cm instead on input line 26.


Package pgf Warning: File "images/rouage" not found when defining image "rouage
". Tried all extensions in ".pdf:.jpg:.jpeg:.png:" on input line 27.


Package pgf Warning: Missing width for image "rouage" ("images/rouage") in draf
t mode. Using 1cm instead on input line 27.


Package pgf Warning: File "images/lait" not found when defining image "lait". T
ried all extensions in ".pdf:.jpg:.jpeg:.png:" on input line 28.


Package pgf Warning: Missing width for image "lait" ("images/lait") in draft mo
de. Using 1cm instead on input line 28.


Package pgf Warning: File "images/gimp" not found when defining image "gimp". T
ried all extensions in ".pdf:.jpg:.jpeg:.png:" on input line 29.


Package pgf Warning: Missing width for image "gimp" ("images/gimp") in draft mo
de. Using 1cm instead on input line 29.


Package pgf Warning: File "images/vachequirit" not found when defining image "v
achequirit". Tried all extensions in ".pdf:.jpg:.jpeg:.png:" on input line 30.


Package pgf Warning: Missing width for image "vachequirit" ("images/vachequirit
") in draft mode. Using 1cm instead on input line 30.


Package pgf Warning: File "images/rubik" not found when defining image "rubik".
 Tried all extensions in ".pdf:.jpg:.jpeg:.png:" on input line 31.


Package pgf Warning: Missing width for image "rubik" ("images/rubik") in draft 
mode. Using 1cm instead on input line 31.


Package pgf Warning: File "images/ring" not found when defining image "ring". T
ried all extensions in ".pdf:.jpg:.jpeg:.png:" on input line 32.


Package pgf Warning: Missing width for image "ring" ("images/ring") in draft mo
de. Using 1cm instead on input line 32.


Package pgf Warning: File "images/menger6" not found when defining image "menge
r6". Tried all extensions in ".pdf:.jpg:.jpeg:.png:" on input line 33.


Package pgf Warning: Missing width for image "menger6" ("images/menger6") in dr
aft mode. Using 1cm instead on input line 33.


Package pgf Warning: File "images/blender" not found when defining image "blend
er". Tried all extensions in ".pdf:.jpg:.jpeg:.png:" on input line 34.


Package pgf Warning: Missing width for image "blender" ("images/blender") in dr
aft mode. Using 1cm instead on input line 34.


Package pgf Warning: File "images/baseball" not found when defining image "base
ball". Tried all extensions in ".pdf:.jpg:.jpeg:.png:" on input line 35.


Package pgf Warning: Missing width for image "baseball" ("images/baseball") in 
draft mode. Using 1cm instead on input line 35.


Package pgf Warning: File "images/mandel1" not found when defining image "mande
l1". Tried all extensions in ".pdf:.jpg:.jpeg:.png:" on input line 36.


Package pgf Warning: Missing width for image "mandel1" ("images/mandel1") in dr
aft mode. Using 1cm instead on input line 36.


Package pgf Warning: File "images/mandel2" not found when defining image "mande
l2". Tried all extensions in ".pdf:.jpg:.jpeg:.png:" on input line 37.


Package pgf Warning: Missing width for image "mandel2" ("images/mandel2") in dr
aft mode. Using 1cm instead on input line 37.


Package pgf Warning: File "images/mandel3" not found when defining image "mande
l3". Tried all extensions in ".pdf:.jpg:.jpeg:.png:" on input line 38.


Package pgf Warning: Missing width for image "mandel3" ("images/mandel3") in dr
aft mode. Using 1cm instead on input line 38.


Package pgf Warning: File "images/tetra" not found when defining image "tetra".
 Tried all extensions in ".pdf:.jpg:.jpeg:.png:" on input line 39.


Package pgf Warning: Missing width for image "tetra" ("images/tetra") in draft 
mode. Using 1cm instead on input line 39.


Package pgf Warning: File "images/sierpinski" not found when defining image "si
erpinski". Tried all extensions in ".pdf:.jpg:.jpeg:.png:" on input line 40.


Package pgf Warning: Missing width for image "sierpinski" ("images/sierpinski")
 in draft mode. Using 1cm instead on input line 40.


Package pgf Warning: File "images/octa" not found when defining image "octa". T
ried all extensions in ".pdf:.jpg:.jpeg:.png:" on input line 41.


Package pgf Warning: Missing width for image "octa" ("images/octa") in draft mo
de. Using 1cm instead on input line 41.


Package pgf Warning: File "images/icosi" not found when defining image "icosa".
 Tried all extensions in ".pdf:.jpg:.jpeg:.png:" on input line 42.


Package pgf Warning: Missing width for image "icosa" ("images/icosi") in draft 
mode. Using 1cm instead on input line 42.


Package pgf Warning: File "images/dodeca" not found when defining image "dodeca
". Tried all extensions in ".pdf:.jpg:.jpeg:.png:" on input line 43.


Package pgf Warning: Missing width for image "dodeca" ("images/dodeca") in draf
t mode. Using 1cm instead on input line 43.


Package pgf Warning: File "images/archi" not found when defining image "archi".
 Tried all extensions in ".pdf:.jpg:.jpeg:.png:" on input line 44.


Package pgf Warning: Missing width for image "archi" ("images/archi") in draft 
mode. Using 1cm instead on input line 44.


Package pgf Warning: File "images/archi2" not found when defining image "archi2
". Tried all extensions in ".pdf:.jpg:.jpeg:.png:" on input line 45.


Package pgf Warning: Missing width for image "archi2" ("images/archi2") in draf
t mode. Using 1cm instead on input line 45.


Package pgf Warning: File "images/platon" not found when defining image "platon
". Tried all extensions in ".pdf:.jpg:.jpeg:.png:" on input line 46.


Package pgf Warning: Missing width for image "platon" ("images/platon") in draf
t mode. Using 1cm instead on input line 46.


Package pgf Warning: File "images/menger" not found when defining image "menger
". Tried all extensions in ".pdf:.jpg:.jpeg:.png:" on input line 47.


Package pgf Warning: Missing width for image "menger" ("images/menger") in draf
t mode. Using 1cm instead on input line 47.


Package pgf Warning: File "images/cutmenger" not found when defining image "cut
menger". Tried all extensions in ".pdf:.jpg:.jpeg:.png:" on input line 48.


Package pgf Warning: Missing width for image "cutmenger" ("images/cutmenger") i
n draft mode. Using 1cm instead on input line 48.


Package pgf Warning: File "images/cutdodeca" not found when defining image "cut
dodeca". Tried all extensions in ".pdf:.jpg:.jpeg:.png:" on input line 49.


Package pgf Warning: Missing width for image "cutdodeca" ("images/cutdodeca") i
n draft mode. Using 1cm instead on input line 49.


Package pgf Warning: File "images/Apollon" not found when defining image "apoll
on". Tried all extensions in ".pdf:.jpg:.jpeg:.png:" on input line 50.


Package pgf Warning: Missing width for image "apollon" ("images/Apollon") in dr
aft mode. Using 1cm instead on input line 50.


Package pgf Warning: File "images/calcul" not found when defining image "calcul
". Tried all extensions in ".pdf:.jpg:.jpeg:.png:" on input line 51.


Package pgf Warning: Missing width for image "calcul" ("images/calcul") in draf
t mode. Using 1cm instead on input line 51.


Package pgf Warning: File "images/chou" not found when defining image "chou". T
ried all extensions in ".pdf:.jpg:.jpeg:.png:" on input line 52.


Package pgf Warning: Missing width for image "chou" ("images/chou") in draft mo
de. Using 1cm instead on input line 52.


Package pgf Warning: File "images/fougere" not found when defining image "fouge
re". Tried all extensions in ".pdf:.jpg:.jpeg:.png:" on input line 53.


Package pgf Warning: Missing width for image "fougere" ("images/fougere") in dr
aft mode. Using 1cm instead on input line 53.


Package pgf Warning: File "images/fern" not found when defining image "fern". T
ried all extensions in ".pdf:.jpg:.jpeg:.png:" on input line 54.


Package pgf Warning: Missing width for image "fern" ("images/fern") in draft mo
de. Using 1cm instead on input line 54.


Package pgf Warning: File "images/foug" not found when defining image "foug". T
ried all extensions in ".pdf:.jpg:.jpeg:.png:" on input line 55.


Package pgf Warning: Missing width for image "foug" ("images/foug") in draft mo
de. Using 1cm instead on input line 55.


Package pgf Warning: File "images/cantor" not found when defining image "cantor
". Tried all extensions in ".pdf:.jpg:.jpeg:.png:" on input line 56.


Package pgf Warning: Missing height for image "cantor" ("images/cantor") in dra
ft mode. Using 1cm instead on input line 56.


Package pgf Warning: File "images/koch" not found when defining image "koch". T
ried all extensions in ".pdf:.jpg:.jpeg:.png:" on input line 57.


Package pgf Warning: Missing width for image "koch" ("images/koch") in draft mo
de. Using 1cm instead on input line 57.


Package pgf Warning: File "images/hilbert" not found when defining image "hilbe
rt". Tried all extensions in ".pdf:.jpg:.jpeg:.png:" on input line 58.


Package pgf Warning: Missing width for image "hilbert" ("images/hilbert") in dr
aft mode. Using 1cm instead on input line 58.


Package pgf Warning: File "images/mandelbrot" not found when defining image "ma
ndelbrot". Tried all extensions in ".pdf:.jpg:.jpeg:.png:" on input line 59.


Package pgf Warning: Missing width for image "mandelbrot" ("images/mandelbrot")
 in draft mode. Using 1cm instead on input line 59.


Package pgf Warning: File "images/Mandel" not found when defining image "brooks
matelski1978". Tried all extensions in ".pdf:.jpg:.jpeg:.png:" on input line 60
.


Package pgf Warning: Missing width for image "brooksmatelski1978" ("images/Mand
el") in draft mode. Using 1cm instead on input line 60.


Package pgf Warning: File "images/m1" not found when defining image "m1". Tried
 all extensions in ".pdf:.jpg:.jpeg:.png:" on input line 61.


Package pgf Warning: Missing width for image "m1" ("images/m1") in draft mode. 
Using 1cm instead on input line 61.


Package pgf Warning: File "images/m2" not found when defining image "m2". Tried
 all extensions in ".pdf:.jpg:.jpeg:.png:" on input line 62.


Package pgf Warning: Missing width for image "m2" ("images/m2") in draft mode. 
Using 1cm instead on input line 62.


Package pgf Warning: File "images/m3" not found when defining image "m3". Tried
 all extensions in ".pdf:.jpg:.jpeg:.png:" on input line 63.


Package pgf Warning: Missing width for image "m3" ("images/m3") in draft mode. 
Using 1cm instead on input line 63.


Package pgf Warning: File "images/m4" not found when defining image "m4". Tried
 all extensions in ".pdf:.jpg:.jpeg:.png:" on input line 64.


Package pgf Warning: Missing width for image "m4" ("images/m4") in draft mode. 
Using 1cm instead on input line 64.


Package pgf Warning: File "images/bulb1" not found when defining image "bulb1".
 Tried all extensions in ".pdf:.jpg:.jpeg:.png:" on input line 65.


Package pgf Warning: Missing width for image "bulb1" ("images/bulb1") in draft 
mode. Using 1cm instead on input line 65.


Package pgf Warning: File "images/bulb2" not found when defining image "bulb2".
 Tried all extensions in ".pdf:.jpg:.jpeg:.png:" on input line 66.


Package pgf Warning: Missing width for image "bulb2" ("images/bulb2") in draft 
mode. Using 1cm instead on input line 66.


Package pgf Warning: File "images/bulb3" not found when defining image "bulb3".
 Tried all extensions in ".pdf:.jpg:.jpeg:.png:" on input line 67.


Package pgf Warning: Missing width for image "bulb3" ("images/bulb3") in draft 
mode. Using 1cm instead on input line 67.


Package pgf Warning: File "images/denevan" not found when defining image "denev
an". Tried all extensions in ".pdf:.jpg:.jpeg:.png:" on input line 68.


Package pgf Warning: Missing width for image "denevan" ("images/denevan") in dr
aft mode. Using 1cm instead on input line 68.


(C:\Users\Francesco\AppData\Local\Programs\MiKTeX\tex/latex/l3backend\l3backend
-pdftex.def
File: l3backend-pdftex.def 2024-01-04 L3 backend support: PDF output (pdfTeX)
\l__color_backend_stack_int=\count355
\l__pdf_internal_box=\box77
)
No file Genech_presentation.aux.
\openout1 = `Genech_presentation.aux'.

LaTeX Font Info:    Checking defaults for OML/cmm/m/it on input line 139.
LaTeX Font Info:    ... okay on input line 139.
LaTeX Font Info:    Checking defaults for OMS/cmsy/m/n on input line 139.
LaTeX Font Info:    ... okay on input line 139.
LaTeX Font Info:    Checking defaults for OT1/cmr/m/n on input line 139.
LaTeX Font Info:    ... okay on input line 139.
LaTeX Font Info:    Checking defaults for T1/cmr/m/n on input line 139.
LaTeX Font Info:    ... okay on input line 139.
LaTeX Font Info:    Checking defaults for TS1/cmr/m/n on input line 139.
LaTeX Font Info:    ... okay on input line 139.
LaTeX Font Info:    Checking defaults for OMX/cmex/m/n on input line 139.
LaTeX Font Info:    ... okay on input line 139.
LaTeX Font Info:    Checking defaults for U/cmr/m/n on input line 139.
LaTeX Font Info:    ... okay on input line 139.
LaTeX Font Info:    Checking defaults for PD1/pdf/m/n on input line 139.
LaTeX Font Info:    ... okay on input line 139.
LaTeX Font Info:    Checking defaults for PU/pdf/m/n on input line 139.
LaTeX Font Info:    ... okay on input line 139.
*geometry* driver: auto-detecting
*geometry* detected driver: pdftex
*geometry* verbose mode - [ preamble ] result:
* driver: pdftex
* paper: custom
* layout: <same size as paper>
* layoutoffset:(h,v)=(0.0pt,0.0pt)
* modes: includehead includefoot 
* h-part:(L,W,R)=(28.45274pt, 307.28987pt, 28.45274pt)
* v-part:(T,H,B)=(0.0pt, 273.14662pt, 0.0pt)
* \paperwidth=364.19536pt
* \paperheight=273.14662pt
* \textwidth=307.28987pt
* \textheight=244.6939pt
* \oddsidemargin=-43.81725pt
* \evensidemargin=-43.81725pt
* \topmargin=-72.26999pt
* \headheight=14.22636pt
* \headsep=0.0pt
* \topskip=11.0pt
* \footskip=14.22636pt
* \marginparwidth=4.0pt
* \marginparsep=10.0pt
* \columnsep=10.0pt
* \skip\footins=10.0pt plus 4.0pt minus 2.0pt
* \hoffset=0.0pt
* \voffset=0.0pt
* \mag=1000
* \@twocolumnfalse
* \@twosidefalse
* \@mparswitchfalse
* \@reversemarginfalse
* (1in=72.27pt=25.4mm, 1cm=28.453pt)


(C:\Users\Francesco\AppData\Local\Programs\MiKTeX\tex/context/base/mkii\supp-pd
f.mkii
[Loading MPS to PDF converter (version 2006.09.02).]
\scratchcounter=\count356
\scratchdimen=\dimen308
\scratchbox=\box78
\nofMPsegments=\count357
\nofMParguments=\count358
\everyMPshowfont=\toks49
\MPscratchCnt=\count359
\MPscratchDim=\dimen309
\MPnumerator=\count360
\makeMPintoPDFobject=\count361
\everyMPtoPDFconversion=\toks50
)
(C:\Users\Francesco\AppData\Local\Programs\MiKTeX\tex/latex/epstopdf-pkg\epstop
df-base.sty
Package: epstopdf-base 2020-01-24 v2.11 Base part for package epstopdf
Package epstopdf-base Info: Redefining graphics rule for `.eps' on input line 4
85.

(C:\Users\Francesco\AppData\Local\Programs\MiKTeX\tex/latex/00miktex\epstopdf-s
ys.cfg
File: epstopdf-sys.cfg 2021/03/18 v2.0 Configuration of epstopdf for MiKTeX
))
Package hyperref Info: Link coloring OFF on input line 139.
\@outlinefile=\write5
\openout5 = `Genech_presentation.out'.

LaTeX Font Info:    Overwriting symbol font `operators' in version `normal'
(Font)                  OT1/cmr/m/n --> OT1/cmss/m/n on input line 139.
LaTeX Font Info:    Overwriting symbol font `operators' in version `bold'
(Font)                  OT1/cmr/bx/n --> OT1/cmss/b/n on input line 139.
\symnumbers=\mathgroup6
\sympureletters=\mathgroup7
LaTeX Font Info:    Overwriting math alphabet `\mathrm' in version `normal'
(Font)                  OT1/cmss/m/n --> OT1/cmr/m/n on input line 139.
LaTeX Font Info:    Redeclaring math alphabet \mathbf on input line 139.
LaTeX Font Info:    Overwriting math alphabet `\mathbf' in version `normal'
(Font)                  OT1/cmr/bx/n --> OT1/cmss/b/n on input line 139.
LaTeX Font Info:    Overwriting math alphabet `\mathbf' in version `bold'
(Font)                  OT1/cmr/bx/n --> OT1/cmss/b/n on input line 139.
LaTeX Font Info:    Redeclaring math alphabet \mathsf on input line 139.
LaTeX Font Info:    Overwriting math alphabet `\mathsf' in version `normal'
(Font)                  OT1/cmss/m/n --> OT1/cmss/m/n on input line 139.
LaTeX Font Info:    Overwriting math alphabet `\mathsf' in version `bold'
(Font)                  OT1/cmss/bx/n --> OT1/cmss/m/n on input line 139.
LaTeX Font Info:    Redeclaring math alphabet \mathit on input line 139.
LaTeX Font Info:    Overwriting math alphabet `\mathit' in version `normal'
(Font)                  OT1/cmr/m/it --> OT1/cmss/m/it on input line 139.
LaTeX Font Info:    Overwriting math alphabet `\mathit' in version `bold'
(Font)                  OT1/cmr/bx/it --> OT1/cmss/m/it on input line 139.
LaTeX Font Info:    Redeclaring math alphabet \mathtt on input line 139.
LaTeX Font Info:    Overwriting math alphabet `\mathtt' in version `normal'
(Font)                  OT1/cmtt/m/n --> OT1/cmtt/m/n on input line 139.
LaTeX Font Info:    Overwriting math alphabet `\mathtt' in version `bold'
(Font)                  OT1/cmtt/m/n --> OT1/cmtt/m/n on input line 139.
LaTeX Font Info:    Overwriting symbol font `numbers' in version `bold'
(Font)                  OT1/cmss/m/n --> OT1/cmss/b/n on input line 139.
LaTeX Font Info:    Overwriting symbol font `pureletters' in version `bold'
(Font)                  OT1/cmss/m/it --> OT1/cmss/b/it on input line 139.
LaTeX Font Info:    Overwriting math alphabet `\mathrm' in version `bold'
(Font)                  OT1/cmss/b/n --> OT1/cmr/b/n on input line 139.
LaTeX Font Info:    Overwriting math alphabet `\mathbf' in version `bold'
(Font)                  OT1/cmss/b/n --> OT1/cmss/b/n on input line 139.
LaTeX Font Info:    Overwriting math alphabet `\mathsf' in version `bold'
(Font)                  OT1/cmss/m/n --> OT1/cmss/b/n on input line 139.
LaTeX Font Info:    Overwriting math alphabet `\mathit' in version `bold'
(Font)                  OT1/cmss/m/it --> OT1/cmss/b/it on input line 139.
LaTeX Font Info:    Overwriting math alphabet `\mathtt' in version `bold'
(Font)                  OT1/cmtt/m/n --> OT1/cmtt/b/n on input line 139.
LaTeX Font Info:    Redeclaring symbol font `pureletters' on input line 139.
LaTeX Font Info:    Overwriting symbol font `pureletters' in version `normal'
(Font)                  OT1/cmss/m/it --> OT1/mathkerncmss/m/sl on input line 1
39.
LaTeX Font Info:    Overwriting symbol font `pureletters' in version `bold'
(Font)                  OT1/cmss/b/it --> OT1/mathkerncmss/m/sl on input line 1
39.
LaTeX Font Info:    Overwriting symbol font `pureletters' in version `bold'
(Font)                  OT1/mathkerncmss/m/sl --> OT1/mathkerncmss/bx/sl on inp
ut line 139.

(C:\Program Files\MiKTeX\tex/latex/translator\translator-basic-dictionary-Engli
sh.dict
Dictionary: translator-basic-dictionary, Language: English 
)
(C:\Program Files\MiKTeX\tex/latex/translator\translator-bibliography-dictionar
y-English.dict
Dictionary: translator-bibliography-dictionary, Language: English 
)
(C:\Program Files\MiKTeX\tex/latex/translator\translator-environment-dictionary
-English.dict
Dictionary: translator-environment-dictionary, Language: English 
)
(C:\Program Files\MiKTeX\tex/latex/translator\translator-months-dictionary-Engl
ish.dict
Dictionary: translator-months-dictionary, Language: English 
)
(C:\Program Files\MiKTeX\tex/latex/translator\translator-numbers-dictionary-Eng
lish.dict
Dictionary: translator-numbers-dictionary, Language: English 
)
(C:\Program Files\MiKTeX\tex/latex/translator\translator-theorem-dictionary-Eng
lish.dict
Dictionary: translator-theorem-dictionary, Language: English 
)
(C:\Users\Francesco\AppData\Local\Programs\MiKTeX\tex/generic/babel/locale/fr\b
abel-french.tex
Package babel Info: Importing font and identification data for french
(babel)             from babel-fr.ini. Reported on input line 11.
)
LaTeX Info: Redefining \degres on input line 139.
LaTeX Info: Redefining \up on input line 139.


Package french.ldf Warning: OT1 encoding should not be used for French.
(french.ldf)                Add \usepackage[T1]{fontenc} to the preamble
(french.ldf)                of your document; reported on input line 139.

No file Genech_presentation.nav.

LaTeX Warning: File `images/logo.jpg' not found on input line 139.


! Package pdftex.def Error: File `images/logo.jpg' not found: using draft setti
ng.

See the pdftex.def package documentation for explanation.
Type  H <return>  for immediate help.
 ...                                              
                                                  
l.139 \begin{document}
                      
? r
OK, entering \nonstopmode...
<images/logo.jpg, id=21, 250.9375pt x 120.45pt>
File: images/logo.jpg Graphic file (type jpg)
<use images/logo.jpg>
Package pdftex.def Info: images/logo.jpg  used on input line 145.
(pdftex.def)             Requested size: 19.91684pt x 9.55899pt.
File: images/logo.jpg Graphic file (type jpg)
<use images/logo.jpg>
Package pdftex.def Info: images/logo.jpg  used on input line 145.
(pdftex.def)             Requested size: 99.58464pt x 47.80052pt.
<images/logoCNRS.jpg, id=34, 170.7981pt x 170.7981pt>
File: images/logoCNRS.jpg Graphic file (type jpg)
<use images/logoCNRS.jpg>
Package pdftex.def Info: images/logoCNRS.jpg  used on input line 145.
(pdftex.def)             Requested size: 31.2982pt x 31.29744pt.
File: images/logo.jpg Graphic file (type jpg)
<use images/logo.jpg>
Package pdftex.def Info: images/logo.jpg  used on input line 145.
(pdftex.def)             Requested size: 19.91684pt x 9.55899pt.
[1

{C:/Users/Francesco/AppData/Local/MiKTeX/fonts/map/pdftex/pdftex.map} <C:/Users
/Francesco/Documents/Git/Construire-un-astrolabe/Presentation Ciel et espace/be
amer/images/logo.jpg> <C:/Users/Francesco/Documents/Git/Construire-un-astrolabe
/Presentation Ciel et espace/beamer/images/logoCNRS.jpg>]
File: images/logo.jpg Graphic file (type jpg)
<use images/logo.jpg>
Package pdftex.def Info: images/logo.jpg  used on input line 160.
(pdftex.def)             Requested size: 19.91684pt x 9.55899pt.
File: images/logo.jpg Graphic file (type jpg)
<use images/logo.jpg>
Package pdftex.def Info: images/logo.jpg  used on input line 160.
(pdftex.def)             Requested size: 19.91684pt x 9.55899pt.
 [2

]
File: images/logo.jpg Graphic file (type jpg)
<use images/logo.jpg>
Package pdftex.def Info: images/logo.jpg  used on input line 179.
(pdftex.def)             Requested size: 19.91684pt x 9.55899pt.
File: images/logo.jpg Graphic file (type jpg)
<use images/logo.jpg>
Package pdftex.def Info: images/logo.jpg  used on input line 179.
(pdftex.def)             Requested size: 19.91684pt x 9.55899pt.
 [3

]
File: images/logo.jpg Graphic file (type jpg)
<use images/logo.jpg>
Package pdftex.def Info: images/logo.jpg  used on input line 195.
(pdftex.def)             Requested size: 19.91684pt x 9.55899pt.
File: images/logo.jpg Graphic file (type jpg)
<use images/logo.jpg>
Package pdftex.def Info: images/logo.jpg  used on input line 195.
(pdftex.def)             Requested size: 19.91684pt x 9.55899pt.
 [4

]
File: images/logo.jpg Graphic file (type jpg)
<use images/logo.jpg>
Package pdftex.def Info: images/logo.jpg  used on input line 205.
(pdftex.def)             Requested size: 19.91684pt x 9.55899pt.
File: images/logo.jpg Graphic file (type jpg)
<use images/logo.jpg>
Package pdftex.def Info: images/logo.jpg  used on input line 205.
(pdftex.def)             Requested size: 19.91684pt x 9.55899pt.

[5

]
File: images/logo.jpg Graphic file (type jpg)
<use images/logo.jpg>
Package pdftex.def Info: images/logo.jpg  used on input line 220.
(pdftex.def)             Requested size: 19.91684pt x 9.55899pt.
LaTeX Font Info:    Trying to load font information for U+msa on input line 220
.

(C:\Users\Francesco\AppData\Local\Programs\MiKTeX\tex/latex/amsfonts\umsa.fd
File: umsa.fd 2013/01/14 v3.01 AMS symbols A
)
LaTeX Font Info:    Trying to load font information for U+msb on input line 220
.

(C:\Users\Francesco\AppData\Local\Programs\MiKTeX\tex/latex/amsfonts\umsb.fd
File: umsb.fd 2013/01/14 v3.01 AMS symbols B
)
LaTeX Font Info:    Trying to load font information for OT1+mathkerncmss on inp
ut line 220.

(C:\Program Files\MiKTeX\tex/latex/sansmathaccent\ot1mathkerncmss.fd
File: ot1mathkerncmss.fd 2020/01/31 Fontinst v1.933 font definitions for OT1/ma
thkerncmss.
)
File: images/logo.jpg Graphic file (type jpg)
<use images/logo.jpg>
Package pdftex.def Info: images/logo.jpg  used on input line 220.
(pdftex.def)             Requested size: 19.91684pt x 9.55899pt.
 [6

]
File: images/logo.jpg Graphic file (type jpg)
<use images/logo.jpg>
Package pdftex.def Info: images/logo.jpg  used on input line 229.
(pdftex.def)             Requested size: 19.91684pt x 9.55899pt.

Overfull \vbox (2.488pt too high) detected at line 229
 []

File: images/logo.jpg Graphic file (type jpg)
<use images/logo.jpg>
Package pdftex.def Info: images/logo.jpg  used on input line 229.
(pdftex.def)             Requested size: 19.91684pt x 9.55899pt.
[7

]
File: images/logo.jpg Graphic file (type jpg)
<use images/logo.jpg>
Package pdftex.def Info: images/logo.jpg  used on input line 235.
(pdftex.def)             Requested size: 19.91684pt x 9.55899pt.

Overfull \vbox (2.488pt too high) detected at line 235
 []

File: images/logo.jpg Graphic file (type jpg)
<use images/logo.jpg>
Package pdftex.def Info: images/logo.jpg  used on input line 235.
(pdftex.def)             Requested size: 19.91684pt x 9.55899pt.
[8

]
File: images/logo.jpg Graphic file (type jpg)
<use images/logo.jpg>
Package pdftex.def Info: images/logo.jpg  used on input line 241.
(pdftex.def)             Requested size: 19.91684pt x 9.55899pt.

Overfull \vbox (2.488pt too high) detected at line 241
 []

File: images/logo.jpg Graphic file (type jpg)
<use images/logo.jpg>
Package pdftex.def Info: images/logo.jpg  used on input line 241.
(pdftex.def)             Requested size: 19.91684pt x 9.55899pt.
[9

]
File: images/logo.jpg Graphic file (type jpg)
<use images/logo.jpg>
Package pdftex.def Info: images/logo.jpg  used on input line 246.
(pdftex.def)             Requested size: 19.91684pt x 9.55899pt.

Overfull \vbox (2.488pt too high) detected at line 246
 []

File: images/logo.jpg Graphic file (type jpg)
<use images/logo.jpg>
Package pdftex.def Info: images/logo.jpg  used on input line 246.
(pdftex.def)             Requested size: 19.91684pt x 9.55899pt.
[10

]
File: images/logo.jpg Graphic file (type jpg)
<use images/logo.jpg>
Package pdftex.def Info: images/logo.jpg  used on input line 253.
(pdftex.def)             Requested size: 19.91684pt x 9.55899pt.

Overfull \vbox (2.488pt too high) detected at line 253
 []

File: images/logo.jpg Graphic file (type jpg)
<use images/logo.jpg>
Package pdftex.def Info: images/logo.jpg  used on input line 253.
(pdftex.def)             Requested size: 19.91684pt x 9.55899pt.
[11

]
File: images/logo.jpg Graphic file (type jpg)
<use images/logo.jpg>
Package pdftex.def Info: images/logo.jpg  used on input line 276.
(pdftex.def)             Requested size: 19.91684pt x 9.55899pt.
File: images/logo.jpg Graphic file (type jpg)
<use images/logo.jpg>
Package pdftex.def Info: images/logo.jpg  used on input line 276.
(pdftex.def)             Requested size: 19.91684pt x 9.55899pt.
 [12

]
File: images/logo.jpg Graphic file (type jpg)
<use images/logo.jpg>
Package pdftex.def Info: images/logo.jpg  used on input line 283.
(pdftex.def)             Requested size: 19.91684pt x 9.55899pt.

Overfull \vbox (2.488pt too high) detected at line 283
 []

File: images/logo.jpg Graphic file (type jpg)
<use images/logo.jpg>
Package pdftex.def Info: images/logo.jpg  used on input line 283.
(pdftex.def)             Requested size: 19.91684pt x 9.55899pt.
[13

]
File: images/logo.jpg Graphic file (type jpg)
<use images/logo.jpg>
Package pdftex.def Info: images/logo.jpg  used on input line 290.
(pdftex.def)             Requested size: 19.91684pt x 9.55899pt.

Overfull \vbox (2.488pt too high) detected at line 290
 []

File: images/logo.jpg Graphic file (type jpg)
<use images/logo.jpg>
Package pdftex.def Info: images/logo.jpg  used on input line 290.
(pdftex.def)             Requested size: 19.91684pt x 9.55899pt.
[14

]
File: images/logo.jpg Graphic file (type jpg)
<use images/logo.jpg>
Package pdftex.def Info: images/logo.jpg  used on input line 297.
(pdftex.def)             Requested size: 19.91684pt x 9.55899pt.

Overfull \vbox (2.488pt too high) detected at line 297
 []

File: images/logo.jpg Graphic file (type jpg)
<use images/logo.jpg>
Package pdftex.def Info: images/logo.jpg  used on input line 297.
(pdftex.def)             Requested size: 19.91684pt x 9.55899pt.
[15

]
File: images/logo.jpg Graphic file (type jpg)
<use images/logo.jpg>
Package pdftex.def Info: images/logo.jpg  used on input line 309.
(pdftex.def)             Requested size: 19.91684pt x 9.55899pt.
File: images/logo.jpg Graphic file (type jpg)
<use images/logo.jpg>
Package pdftex.def Info: images/logo.jpg  used on input line 309.
(pdftex.def)             Requested size: 19.91684pt x 9.55899pt.
 [16

]
File: images/logo.jpg Graphic file (type jpg)
<use images/logo.jpg>
Package pdftex.def Info: images/logo.jpg  used on input line 316.
(pdftex.def)             Requested size: 19.91684pt x 9.55899pt.

Overfull \vbox (2.488pt too high) detected at line 316
 []

File: images/logo.jpg Graphic file (type jpg)
<use images/logo.jpg>
Package pdftex.def Info: images/logo.jpg  used on input line 316.
(pdftex.def)             Requested size: 19.91684pt x 9.55899pt.
[17

]
File: images/logo.jpg Graphic file (type jpg)
<use images/logo.jpg>
Package pdftex.def Info: images/logo.jpg  used on input line 323.
(pdftex.def)             Requested size: 19.91684pt x 9.55899pt.

Overfull \vbox (2.488pt too high) detected at line 323
 []

File: images/logo.jpg Graphic file (type jpg)
<use images/logo.jpg>
Package pdftex.def Info: images/logo.jpg  used on input line 323.
(pdftex.def)             Requested size: 19.91684pt x 9.55899pt.
[18

]
File: images/logo.jpg Graphic file (type jpg)
<use images/logo.jpg>
Package pdftex.def Info: images/logo.jpg  used on input line 333.
(pdftex.def)             Requested size: 19.91684pt x 9.55899pt.

Overfull \vbox (2.488pt too high) detected at line 333
 []

File: images/logo.jpg Graphic file (type jpg)
<use images/logo.jpg>
Package pdftex.def Info: images/logo.jpg  used on input line 333.
(pdftex.def)             Requested size: 19.91684pt x 9.55899pt.
[19

]
File: images/logo.jpg Graphic file (type jpg)
<use images/logo.jpg>
Package pdftex.def Info: images/logo.jpg  used on input line 339.
(pdftex.def)             Requested size: 19.91684pt x 9.55899pt.

Overfull \vbox (2.488pt too high) detected at line 339
 []

File: images/logo.jpg Graphic file (type jpg)
<use images/logo.jpg>
Package pdftex.def Info: images/logo.jpg  used on input line 339.
(pdftex.def)             Requested size: 19.91684pt x 9.55899pt.
[20

]
File: images/logo.jpg Graphic file (type jpg)
<use images/logo.jpg>
Package pdftex.def Info: images/logo.jpg  used on input line 346.
(pdftex.def)             Requested size: 19.91684pt x 9.55899pt.

Overfull \vbox (2.488pt too high) detected at line 346
 []

File: images/logo.jpg Graphic file (type jpg)
<use images/logo.jpg>
Package pdftex.def Info: images/logo.jpg  used on input line 346.
(pdftex.def)             Requested size: 19.91684pt x 9.55899pt.
[21

]
File: images/logo.jpg Graphic file (type jpg)
<use images/logo.jpg>
Package pdftex.def Info: images/logo.jpg  used on input line 352.
(pdftex.def)             Requested size: 19.91684pt x 9.55899pt.

Overfull \vbox (2.488pt too high) detected at line 352
 []

File: images/logo.jpg Graphic file (type jpg)
<use images/logo.jpg>
Package pdftex.def Info: images/logo.jpg  used on input line 352.
(pdftex.def)             Requested size: 19.91684pt x 9.55899pt.
[22

]
File: images/logo.jpg Graphic file (type jpg)
<use images/logo.jpg>
Package pdftex.def Info: images/logo.jpg  used on input line 359.
(pdftex.def)             Requested size: 19.91684pt x 9.55899pt.

Overfull \vbox (2.488pt too high) detected at line 359
 []

File: images/logo.jpg Graphic file (type jpg)
<use images/logo.jpg>
Package pdftex.def Info: images/logo.jpg  used on input line 359.
(pdftex.def)             Requested size: 19.91684pt x 9.55899pt.
[23

]
File: images/logo.jpg Graphic file (type jpg)
<use images/logo.jpg>
Package pdftex.def Info: images/logo.jpg  used on input line 365.
(pdftex.def)             Requested size: 19.91684pt x 9.55899pt.

Overfull \vbox (2.488pt too high) detected at line 365
 []

File: images/logo.jpg Graphic file (type jpg)
<use images/logo.jpg>
Package pdftex.def Info: images/logo.jpg  used on input line 365.
(pdftex.def)             Requested size: 19.91684pt x 9.55899pt.
[24

]
File: images/logo.jpg Graphic file (type jpg)
<use images/logo.jpg>
Package pdftex.def Info: images/logo.jpg  used on input line 371.
(pdftex.def)             Requested size: 19.91684pt x 9.55899pt.

Overfull \vbox (2.488pt too high) detected at line 371
 []

File: images/logo.jpg Graphic file (type jpg)
<use images/logo.jpg>
Package pdftex.def Info: images/logo.jpg  used on input line 371.
(pdftex.def)             Requested size: 19.91684pt x 9.55899pt.
[25

]
File: images/logo.jpg Graphic file (type jpg)
<use images/logo.jpg>
Package pdftex.def Info: images/logo.jpg  used on input line 377.
(pdftex.def)             Requested size: 19.91684pt x 9.55899pt.

Overfull \vbox (2.488pt too high) detected at line 377
 []

File: images/logo.jpg Graphic file (type jpg)
<use images/logo.jpg>
Package pdftex.def Info: images/logo.jpg  used on input line 377.
(pdftex.def)             Requested size: 19.91684pt x 9.55899pt.
[26

]
File: images/logo.jpg Graphic file (type jpg)
<use images/logo.jpg>
Package pdftex.def Info: images/logo.jpg  used on input line 383.
(pdftex.def)             Requested size: 19.91684pt x 9.55899pt.

Overfull \vbox (2.488pt too high) detected at line 383
 []

File: images/logo.jpg Graphic file (type jpg)
<use images/logo.jpg>
Package pdftex.def Info: images/logo.jpg  used on input line 383.
(pdftex.def)             Requested size: 19.91684pt x 9.55899pt.
[27

]
File: images/logo.jpg Graphic file (type jpg)
<use images/logo.jpg>
Package pdftex.def Info: images/logo.jpg  used on input line 390.
(pdftex.def)             Requested size: 19.91684pt x 9.55899pt.

Overfull \vbox (2.488pt too high) detected at line 390
 []

File: images/logo.jpg Graphic file (type jpg)
<use images/logo.jpg>
Package pdftex.def Info: images/logo.jpg  used on input line 390.
(pdftex.def)             Requested size: 19.91684pt x 9.55899pt.
[28

]
File: images/logo.jpg Graphic file (type jpg)
<use images/logo.jpg>
Package pdftex.def Info: images/logo.jpg  used on input line 396.
(pdftex.def)             Requested size: 19.91684pt x 9.55899pt.

Overfull \vbox (2.488pt too high) detected at line 396
 []

File: images/logo.jpg Graphic file (type jpg)
<use images/logo.jpg>
Package pdftex.def Info: images/logo.jpg  used on input line 396.
(pdftex.def)             Requested size: 19.91684pt x 9.55899pt.
[29

]
File: images/logo.jpg Graphic file (type jpg)
<use images/logo.jpg>
Package pdftex.def Info: images/logo.jpg  used on input line 402.
(pdftex.def)             Requested size: 19.91684pt x 9.55899pt.

Overfull \vbox (2.488pt too high) detected at line 402
 []

File: images/logo.jpg Graphic file (type jpg)
<use images/logo.jpg>
Package pdftex.def Info: images/logo.jpg  used on input line 402.
(pdftex.def)             Requested size: 19.91684pt x 9.55899pt.
[30

]
File: images/logo.jpg Graphic file (type jpg)
<use images/logo.jpg>
Package pdftex.def Info: images/logo.jpg  used on input line 408.
(pdftex.def)             Requested size: 19.91684pt x 9.55899pt.

Overfull \vbox (2.488pt too high) detected at line 408
 []

File: images/logo.jpg Graphic file (type jpg)
<use images/logo.jpg>
Package pdftex.def Info: images/logo.jpg  used on input line 408.
(pdftex.def)             Requested size: 19.91684pt x 9.55899pt.
[31

]
File: images/logo.jpg Graphic file (type jpg)
<use images/logo.jpg>
Package pdftex.def Info: images/logo.jpg  used on input line 414.
(pdftex.def)             Requested size: 19.91684pt x 9.55899pt.

Overfull \vbox (2.488pt too high) detected at line 414
 []

File: images/logo.jpg Graphic file (type jpg)
<use images/logo.jpg>
Package pdftex.def Info: images/logo.jpg  used on input line 414.
(pdftex.def)             Requested size: 19.91684pt x 9.55899pt.
[32

]
File: images/logo.jpg Graphic file (type jpg)
<use images/logo.jpg>
Package pdftex.def Info: images/logo.jpg  used on input line 426.
(pdftex.def)             Requested size: 19.91684pt x 9.55899pt.
File: images/logo.jpg Graphic file (type jpg)
<use images/logo.jpg>
Package pdftex.def Info: images/logo.jpg  used on input line 426.
(pdftex.def)             Requested size: 19.91684pt x 9.55899pt.
 [33

]
File: images/logo.jpg Graphic file (type jpg)
<use images/logo.jpg>
Package pdftex.def Info: images/logo.jpg  used on input line 435.
(pdftex.def)             Requested size: 19.91684pt x 9.55899pt.

Overfull \vbox (7.57986pt too high) detected at line 435
 []

File: images/logo.jpg Graphic file (type jpg)
<use images/logo.jpg>
Package pdftex.def Info: images/logo.jpg  used on input line 435.
(pdftex.def)             Requested size: 19.91684pt x 9.55899pt.
[34

]
File: images/logo.jpg Graphic file (type jpg)
<use images/logo.jpg>
Package pdftex.def Info: images/logo.jpg  used on input line 441.
(pdftex.def)             Requested size: 19.91684pt x 9.55899pt.

Overfull \vbox (2.488pt too high) detected at line 441
 []

File: images/logo.jpg Graphic file (type jpg)
<use images/logo.jpg>
Package pdftex.def Info: images/logo.jpg  used on input line 441.
(pdftex.def)             Requested size: 19.91684pt x 9.55899pt.
[35

]
File: images/logo.jpg Graphic file (type jpg)
<use images/logo.jpg>
Package pdftex.def Info: images/logo.jpg  used on input line 449.
(pdftex.def)             Requested size: 19.91684pt x 9.55899pt.

Overfull \vbox (2.488pt too high) detected at line 449
 []

File: images/logo.jpg Graphic file (type jpg)
<use images/logo.jpg>
Package pdftex.def Info: images/logo.jpg  used on input line 449.
(pdftex.def)             Requested size: 19.91684pt x 9.55899pt.
[36

]
File: images/logo.jpg Graphic file (type jpg)
<use images/logo.jpg>
Package pdftex.def Info: images/logo.jpg  used on input line 464.
(pdftex.def)             Requested size: 19.91684pt x 9.55899pt.
File: images/logo.jpg Graphic file (type jpg)
<use images/logo.jpg>
Package pdftex.def Info: images/logo.jpg  used on input line 464.
(pdftex.def)             Requested size: 19.91684pt x 9.55899pt.
 [37

]
File: images/logo.jpg Graphic file (type jpg)
<use images/logo.jpg>
Package pdftex.def Info: images/logo.jpg  used on input line 480.
(pdftex.def)             Requested size: 19.91684pt x 9.55899pt.
File: images/logo.jpg Graphic file (type jpg)
<use images/logo.jpg>
Package pdftex.def Info: images/logo.jpg  used on input line 480.
(pdftex.def)             Requested size: 19.91684pt x 9.55899pt.
 [38

]
File: images/logo.jpg Graphic file (type jpg)
<use images/logo.jpg>
Package pdftex.def Info: images/logo.jpg  used on input line 486.
(pdftex.def)             Requested size: 19.91684pt x 9.55899pt.

Overfull \vbox (105.88237pt too high) detected at line 486
 []

File: images/logo.jpg Graphic file (type jpg)
<use images/logo.jpg>
Package pdftex.def Info: images/logo.jpg  used on input line 486.
(pdftex.def)             Requested size: 19.91684pt x 9.55899pt.
[39

]
File: images/logo.jpg Graphic file (type jpg)
<use images/logo.jpg>
Package pdftex.def Info: images/logo.jpg  used on input line 505.
(pdftex.def)             Requested size: 19.91684pt x 9.55899pt.
File: images/logo.jpg Graphic file (type jpg)
<use images/logo.jpg>
Package pdftex.def Info: images/logo.jpg  used on input line 505.
(pdftex.def)             Requested size: 19.91684pt x 9.55899pt.
 [40

]
File: images/logo.jpg Graphic file (type jpg)
<use images/logo.jpg>
Package pdftex.def Info: images/logo.jpg  used on input line 513.
(pdftex.def)             Requested size: 19.91684pt x 9.55899pt.

Overfull \vbox (2.488pt too high) detected at line 513
 []

File: images/logo.jpg Graphic file (type jpg)
<use images/logo.jpg>
Package pdftex.def Info: images/logo.jpg  used on input line 513.
(pdftex.def)             Requested size: 19.91684pt x 9.55899pt.
[41

]
File: images/logo.jpg Graphic file (type jpg)
<use images/logo.jpg>
Package pdftex.def Info: images/logo.jpg  used on input line 519.
(pdftex.def)             Requested size: 19.91684pt x 9.55899pt.

Overfull \vbox (2.488pt too high) detected at line 519
 []

File: images/logo.jpg Graphic file (type jpg)
<use images/logo.jpg>
Package pdftex.def Info: images/logo.jpg  used on input line 519.
(pdftex.def)             Requested size: 19.91684pt x 9.55899pt.
[42

]
File: images/logo.jpg Graphic file (type jpg)
<use images/logo.jpg>
Package pdftex.def Info: images/logo.jpg  used on input line 525.
(pdftex.def)             Requested size: 19.91684pt x 9.55899pt.

Overfull \vbox (2.488pt too high) detected at line 525
 []

File: images/logo.jpg Graphic file (type jpg)
<use images/logo.jpg>
Package pdftex.def Info: images/logo.jpg  used on input line 525.
(pdftex.def)             Requested size: 19.91684pt x 9.55899pt.
[43

]
File: images/logo.jpg Graphic file (type jpg)
<use images/logo.jpg>
Package pdftex.def Info: images/logo.jpg  used on input line 531.
(pdftex.def)             Requested size: 19.91684pt x 9.55899pt.

Overfull \vbox (2.488pt too high) detected at line 531
 []

File: images/logo.jpg Graphic file (type jpg)
<use images/logo.jpg>
Package pdftex.def Info: images/logo.jpg  used on input line 531.
(pdftex.def)             Requested size: 19.91684pt x 9.55899pt.
[44

]
File: images/logo.jpg Graphic file (type jpg)
<use images/logo.jpg>
Package pdftex.def Info: images/logo.jpg  used on input line 537.
(pdftex.def)             Requested size: 19.91684pt x 9.55899pt.
File: images/logo.jpg Graphic file (type jpg)
<use images/logo.jpg>
Package pdftex.def Info: images/logo.jpg  used on input line 537.
(pdftex.def)             Requested size: 19.91684pt x 9.55899pt.
 [45

]
File: images/logo.jpg Graphic file (type jpg)
<use images/logo.jpg>
Package pdftex.def Info: images/logo.jpg  used on input line 543.
(pdftex.def)             Requested size: 19.91684pt x 9.55899pt.

Overfull \vbox (2.488pt too high) detected at line 543
 []

File: images/logo.jpg Graphic file (type jpg)
<use images/logo.jpg>
Package pdftex.def Info: images/logo.jpg  used on input line 543.
(pdftex.def)             Requested size: 19.91684pt x 9.55899pt.
[46

]
File: images/logo.jpg Graphic file (type jpg)
<use images/logo.jpg>
Package pdftex.def Info: images/logo.jpg  used on input line 549.
(pdftex.def)             Requested size: 19.91684pt x 9.55899pt.

Overfull \vbox (2.488pt too high) detected at line 549
 []

File: images/logo.jpg Graphic file (type jpg)
<use images/logo.jpg>
Package pdftex.def Info: images/logo.jpg  used on input line 549.
(pdftex.def)             Requested size: 19.91684pt x 9.55899pt.
[47

]
File: images/logo.jpg Graphic file (type jpg)
<use images/logo.jpg>
Package pdftex.def Info: images/logo.jpg  used on input line 571.
(pdftex.def)             Requested size: 19.91684pt x 9.55899pt.
File: images/logo.jpg Graphic file (type jpg)
<use images/logo.jpg>
Package pdftex.def Info: images/logo.jpg  used on input line 571.
(pdftex.def)             Requested size: 19.91684pt x 9.55899pt.
 [48

]
File: images/logo.jpg Graphic file (type jpg)
<use images/logo.jpg>
Package pdftex.def Info: images/logo.jpg  used on input line 591.
(pdftex.def)             Requested size: 19.91684pt x 9.55899pt.
File: images/logo.jpg Graphic file (type jpg)
<use images/logo.jpg>
Package pdftex.def Info: images/logo.jpg  used on input line 591.
(pdftex.def)             Requested size: 19.91684pt x 9.55899pt.
 [49

]
File: images/logo.jpg Graphic file (type jpg)
<use images/logo.jpg>
Package pdftex.def Info: images/logo.jpg  used on input line 603.
(pdftex.def)             Requested size: 19.91684pt x 9.55899pt.
File: images/logo.jpg Graphic file (type jpg)
<use images/logo.jpg>
Package pdftex.def Info: images/logo.jpg  used on input line 603.
(pdftex.def)             Requested size: 19.91684pt x 9.55899pt.
 [50

]
File: images/logo.jpg Graphic file (type jpg)
<use images/logo.jpg>
Package pdftex.def Info: images/logo.jpg  used on input line 613.
(pdftex.def)             Requested size: 19.91684pt x 9.55899pt.

Overfull \vbox (2.488pt too high) detected at line 613
 []

File: images/logo.jpg Graphic file (type jpg)
<use images/logo.jpg>
Package pdftex.def Info: images/logo.jpg  used on input line 613.
(pdftex.def)             Requested size: 19.91684pt x 9.55899pt.
[51

]
File: images/logo.jpg Graphic file (type jpg)
<use images/logo.jpg>
Package pdftex.def Info: images/logo.jpg  used on input line 618.
(pdftex.def)             Requested size: 19.91684pt x 9.55899pt.

Overfull \vbox (2.488pt too high) detected at line 618
 []

File: images/logo.jpg Graphic file (type jpg)
<use images/logo.jpg>
Package pdftex.def Info: images/logo.jpg  used on input line 618.
(pdftex.def)             Requested size: 19.91684pt x 9.55899pt.
[52

]
File: images/logo.jpg Graphic file (type jpg)
<use images/logo.jpg>
Package pdftex.def Info: images/logo.jpg  used on input line 624.
(pdftex.def)             Requested size: 19.91684pt x 9.55899pt.

Overfull \vbox (2.488pt too high) detected at line 624
 []

File: images/logo.jpg Graphic file (type jpg)
<use images/logo.jpg>
Package pdftex.def Info: images/logo.jpg  used on input line 624.
(pdftex.def)             Requested size: 19.91684pt x 9.55899pt.
[53

]
File: images/logo.jpg Graphic file (type jpg)
<use images/logo.jpg>
Package pdftex.def Info: images/logo.jpg  used on input line 629.
(pdftex.def)             Requested size: 19.91684pt x 9.55899pt.

Overfull \vbox (2.488pt too high) detected at line 629
 []

File: images/logo.jpg Graphic file (type jpg)
<use images/logo.jpg>
Package pdftex.def Info: images/logo.jpg  used on input line 629.
(pdftex.def)             Requested size: 19.91684pt x 9.55899pt.
[54

]
File: images/logo.jpg Graphic file (type jpg)
<use images/logo.jpg>
Package pdftex.def Info: images/logo.jpg  used on input line 639.
(pdftex.def)             Requested size: 19.91684pt x 9.55899pt.
File: images/logo.jpg Graphic file (type jpg)
<use images/logo.jpg>
Package pdftex.def Info: images/logo.jpg  used on input line 639.
(pdftex.def)             Requested size: 19.91684pt x 9.55899pt.
 [55

]
File: images/logo.jpg Graphic file (type jpg)
<use images/logo.jpg>
Package pdftex.def Info: images/logo.jpg  used on input line 645.
(pdftex.def)             Requested size: 19.91684pt x 9.55899pt.

Overfull \vbox (2.488pt too high) detected at line 645
 []

File: images/logo.jpg Graphic file (type jpg)
<use images/logo.jpg>
Package pdftex.def Info: images/logo.jpg  used on input line 645.
(pdftex.def)             Requested size: 19.91684pt x 9.55899pt.
[56

]
File: images/logo.jpg Graphic file (type jpg)
<use images/logo.jpg>
Package pdftex.def Info: images/logo.jpg  used on input line 651.
(pdftex.def)             Requested size: 19.91684pt x 9.55899pt.

Overfull \vbox (2.488pt too high) detected at line 651
 []

File: images/logo.jpg Graphic file (type jpg)
<use images/logo.jpg>
Package pdftex.def Info: images/logo.jpg  used on input line 651.
(pdftex.def)             Requested size: 19.91684pt x 9.55899pt.
[57

]
File: images/logo.jpg Graphic file (type jpg)
<use images/logo.jpg>
Package pdftex.def Info: images/logo.jpg  used on input line 657.
(pdftex.def)             Requested size: 19.91684pt x 9.55899pt.

Overfull \vbox (2.488pt too high) detected at line 657
 []

File: images/logo.jpg Graphic file (type jpg)
<use images/logo.jpg>
Package pdftex.def Info: images/logo.jpg  used on input line 657.
(pdftex.def)             Requested size: 19.91684pt x 9.55899pt.
[58

]
File: images/logo.jpg Graphic file (type jpg)
<use images/logo.jpg>
Package pdftex.def Info: images/logo.jpg  used on input line 671.
(pdftex.def)             Requested size: 19.91684pt x 9.55899pt.
File: images/logo.jpg Graphic file (type jpg)
<use images/logo.jpg>
Package pdftex.def Info: images/logo.jpg  used on input line 671.
(pdftex.def)             Requested size: 19.91684pt x 9.55899pt.
 [59

]
File: images/logo.jpg Graphic file (type jpg)
<use images/logo.jpg>
Package pdftex.def Info: images/logo.jpg  used on input line 681.
(pdftex.def)             Requested size: 19.91684pt x 9.55899pt.
File: images/logo.jpg Graphic file (type jpg)
<use images/logo.jpg>
Package pdftex.def Info: images/logo.jpg  used on input line 681.
(pdftex.def)             Requested size: 19.91684pt x 9.55899pt.
 [60

]
\tf@nav=\write6
\openout6 = `Genech_presentation.nav'.

\tf@toc=\write7
\openout7 = `Genech_presentation.toc'.

\tf@snm=\write8
\openout8 = `Genech_presentation.snm'.

 (Genech_presentation.aux)
 ***********
LaTeX2e <2023-11-01> patch level 1
L3 programming layer <2024-01-04>
 ***********


Package rerunfilecheck Warning: File `Genech_presentation.out' has changed.
(rerunfilecheck)                Rerun to get outlines right
(rerunfilecheck)                or use package `bookmark'.

Package rerunfilecheck Info: Checksums for `Genech_presentation.out':
(rerunfilecheck)             Before: <no file>
(rerunfilecheck)             After:  651F6FCE74E8C0F9D957C9482A21FB8B;655.
 ) 
Here is how much of TeX's memory you used:
 24352 strings out of 474485
 478574 string characters out of 5741845
 1939542 words of memory out of 5000000
 45975 multiletter control sequences out of 15000+600000
 565648 words of font info for 63 fonts, out of 8000000 for 9000
 1141 hyphenation exceptions out of 8191
 128i,19n,123p,509b,843s stack positions out of 10000i,1000n,20000p,200000b,200000s

!pdfTeX error: pdflatex (file mathkerncmssi8): Font mathkerncmssi8 at 600 not f
ound
 ==> Fatal error occurred, no output PDF file produced!
